app/build/intermediates/manifest_merge_blame_file/debug/manifest-merger-blame-debug-report.txt
1<?xml version="1.0" encoding="utf-8"?>
2<manifest xmlns:android="http://schemas.android.com/apk/res/android"
3    package="cc.asjks.bms.client"
4    android:versionCode="1"
5    android:versionName="1.0" >
6
7    <uses-sdk
8        android:minSdkVersion="27"
8-->src\main\AndroidManifest.xml
9        android:targetSdkVersion="29" />
9-->src\main\AndroidManifest.xml
10
11    <uses-permission android:name="android.permission.INTERNET" />
11-->src\main\AndroidManifest.xml:5:5-67
11-->src\main\AndroidManifest.xml:5:22-64
12
13    <application
13-->src\main\AndroidManifest.xml:7:5-32:19
14        android:allowBackup="true"
14-->src\main\AndroidManifest.xml:8:9-35
15        android:appComponentFactory="androidx.core.app.CoreComponentFactory"
15-->[androidx.core:core:1.0.1] AndroidManifest.xml:22:18-86
16        android:debuggable="true"
17        android:icon="@mipmap/logo"
17-->src\main\AndroidManifest.xml:9:9-36
18        android:label="@string/app_name"
18-->src\main\AndroidManifest.xml:10:9-41
19        android:roundIcon="@mipmap/logo"
19-->src\main\AndroidManifest.xml:11:9-41
20        android:supportsRtl="true"
20-->src\main\AndroidManifest.xml:12:9-35
21        android:theme="@style/AppTheme"
21-->src\main\AndroidManifest.xml:13:9-40
22        android:usesCleartextTraffic="true" >
22-->src\main\AndroidManifest.xml:14:9-44
23        <activity android:name="cc.asjks.bms.client.activity.ioMoneyActivity" />
23-->src\main\AndroidManifest.xml:15:9-71
23-->src\main\AndroidManifest.xml:15:19-59
24        <activity android:name="cc.asjks.bms.client.activity.SuccessActivity" />
24-->src\main\AndroidManifest.xml:16:9-62
24-->src\main\AndroidManifest.xml:16:19-59
25        <activity android:name="cc.asjks.bms.client.activity.transferActivity" />
25-->src\main\AndroidManifest.xml:17:9-63
25-->src\main\AndroidManifest.xml:17:19-60
26        <activity android:name="cc.asjks.bms.client.activity.BalanceActivity" />
26-->src\main\AndroidManifest.xml:18:9-62
26-->src\main\AndroidManifest.xml:18:19-59
27        <activity android:name="cc.asjks.bms.client.LoginActivity" >
27-->src\main\AndroidManifest.xml:19:9-25:20
27-->src\main\AndroidManifest.xml:19:19-48
28            <intent-filter>
28-->src\main\AndroidManifest.xml:20:13-24:29
29                <action android:name="android.intent.action.MAIN" />
29-->src\main\AndroidManifest.xml:21:17-69
29-->src\main\AndroidManifest.xml:21:25-66
30
31                <category android:name="android.intent.category.LAUNCHER" />
31-->src\main\AndroidManifest.xml:23:17-77
31-->src\main\AndroidManifest.xml:23:27-74
32            </intent-filter>
33        </activity>
34        <activity android:name="cc.asjks.bms.client.activity.MainActivity" />
34-->src\main\AndroidManifest.xml:26:9-59
34-->src\main\AndroidManifest.xml:26:19-56
35        <activity android:name="cc.asjks.bms.client.activity.RegisterActivity" />
35-->src\main\AndroidManifest.xml:27:9-63
35-->src\main\AndroidManifest.xml:27:19-60
36
37        <uses-library
37-->src\main\AndroidManifest.xml:29:9-31:40
38            android:name="org.apache.http.legacy"
38-->src\main\AndroidManifest.xml:30:13-50
39            android:required="false" />
39-->src\main\AndroidManifest.xml:31:13-37
40    </application>
41
42</manifest>